<?xml version='1.0' encoding='UTF-8'?>
<testsuite hostname="DESKTOP-APEJ6QJ" name="myHuffman.HuffmanSuite" tests="4" errors="0" failures="0" skipped="0" time="0.021" timestamp="2021-07-17T12:06:07">
                     <properties>
[...]
</properties>
                     <testcase classname="myHuffman.HuffmanSuite" name="Encode and Decode 0-1" time="0.019">
                                                 
                                               </testcase><testcase classname="myHuffman.HuffmanSuite" name="Encode and Decode 1-1-1" time="0.0">
                                                 
                                               </testcase><testcase classname="myHuffman.HuffmanSuite" name="Encode and Decode 0-1-0-0-1" time="0.001">
                                                 
                                               </testcase><testcase classname="myHuffman.HuffmanSuite" name="Encode and Decode 0-0-1-0-0" time="0.001">
                                                 
                                               </testcase>
                     <system-out><![CDATA[]]></system-out>
                     <system-err><![CDATA[]]></system-err>
                   </testsuite>