# JRE version: Java(TM) SE Runtime Environment (15.0.2+7) (build 15.0.2+7-27)
# Java VM: Java HotSpot(TM) 64-Bit Server VM (15.0.2+7-27, mixed mode, sharing, tiered, compressed oops, g1 gc, windows-amd64)
GC Precious Log:
 CPUs: 4 total, 4 available
 Memory: 7117M
 Large Page Support: Disabled
 NUMA Support: Disabled
 Compressed Oops: Enabled (32-bit)
 Heap Region Size: 1M
 Heap Min Capacity: 8M
 Heap Initial Capacity: 112M
 Heap Max Capacity: 1536M
 Pre-touch: Disabled
 Parallel Workers: 4
 Concurrent Workers: 1
 Concurrent Refinement Workers: 4
 Periodic GC: Disabled
Heap:
 garbage-first heap   total 36864K, used 21636K [0x00000000a0000000, 0x0000000100000000)
  region size 1024K, 12 young (12288K), 2 survivors (2048K)
 Metaspace       used 37332K, capacity 38029K, committed 38272K, reserved 1083392K
  class space    used 4800K, capacity 4978K, committed 4992K, reserved 1048576K
GC Heap History (16 events):
Event: 0.825 GC heap before
{Heap before GC invocations=0 (full 0):
 garbage-first heap   total 114688K, used 12288K [0x00000000a0000000, 0x0000000100000000)
  region size 1024K, 13 young (13312K), 0 survivors (0K)
 Metaspace       used 2955K, capacity 6498K, committed 6656K, reserved 1056768K
  class space    used 442K, capacity 754K, committed 768K, reserved 1048576K
}
Event: 0.834 GC heap after
{Heap after GC invocations=1 (full 0):
 garbage-first heap   total 114688K, used 2965K [0x00000000a0000000, 0x0000000100000000)
  region size 1024K, 2 young (2048K), 2 survivors (2048K)
 Metaspace       used 2955K, capacity 6498K, committed 6656K, reserved 1056768K
  class space    used 442K, capacity 754K, committed 768K, reserved 1048576K
}
Event: 1.285 GC heap before
{Heap before GC invocations=1 (full 0):
 garbage-first heap   total 114688K, used 17301K [0x00000000a0000000, 0x0000000100000000)
  region size 1024K, 17 young (17408K), 2 survivors (2048K)
 Metaspace       used 5557K, capacity 8708K, committed 8960K, reserved 1056768K
  class space    used 642K, capacity 940K, committed 1024K, reserved 1048576K
}
Event: 1.291 GC heap after
{Heap after GC invocations=2 (full 0):
 garbage-first heap   total 114688K, used 3432K [0x00000000a0000000, 0x0000000100000000)
  region size 1024K, 2 young (2048K), 2 survivors (2048K)
 Metaspace       used 5557K, capacity 8708K, committed 8960K, reserved 1056768K
  class space    used 642K, capacity 940K, committed 1024K, reserved 1048576K
}
Event: 3.183 GC heap before
{Heap before GC invocations=2 (full 0):
 garbage-first heap   total 114688K, used 49512K [0x00000000a0000000, 0x0000000100000000)
  region size 1024K, 49 young (50176K), 2 survivors (2048K)
 Metaspace       used 19172K, capacity 21100K, committed 21248K, reserved 1069056K
  class space    used 2301K, capacity 2547K, committed 2560K, reserved 1048576K
}
Event: 3.200 GC heap after
{Heap after GC invocations=3 (full 0):
 garbage-first heap   total 114688K, used 7607K [0x00000000a0000000, 0x0000000100000000)
  region size 1024K, 6 young (6144K), 6 survivors (6144K)
 Metaspace       used 19172K, capacity 21100K, committed 21248K, reserved 1069056K
  class space    used 2301K, capacity 2547K, committed 2560K, reserved 1048576K
}
Event: 3.611 GC heap before
{Heap before GC invocations=4 (full 0):
 garbage-first heap   total 30720K, used 18871K [0x00000000a0000000, 0x0000000100000000)
  region size 1024K, 18 young (18432K), 6 survivors (6144K)
 Metaspace       used 21384K, capacity 23349K, committed 23680K, reserved 1071104K
  class space    used 2593K, capacity 2870K, committed 2944K, reserved 1048576K
}
Event: 3.627 GC heap after
{Heap after GC invocations=5 (full 0):
 garbage-first heap   total 30720K, used 8493K [0x00000000a0000000, 0x0000000100000000)
  region size 1024K, 2 young (2048K), 2 survivors (2048K)
 Metaspace       used 21384K, capacity 23349K, committed 23680K, reserved 1071104K
  class space    used 2593K, capacity 2870K, committed 2944K, reserved 1048576K
}
Event: 3.933 GC heap before
{Heap before GC invocations=5 (full 0):
 garbage-first heap   total 30720K, used 19757K [0x00000000a0000000, 0x0000000100000000)
  region size 1024K, 14 young (14336K), 2 survivors (2048K)
 Metaspace       used 24875K, capacity 26515K, committed 26752K, reserved 1073152K
  class space    used 3007K, capacity 3200K, committed 3200K, reserved 1048576K
}
Event: 3.937 GC heap after
{Heap after GC invocations=6 (full 0):
 garbage-first heap   total 36864K, used 8925K [0x00000000a0000000, 0x0000000100000000)
  region size 1024K, 2 young (2048K), 2 survivors (2048K)
 Metaspace       used 24875K, capacity 26515K, committed 26752K, reserved 1073152K
  class space    used 3007K, capacity 3200K, committed 3200K, reserved 1048576K
}
Event: 4.451 GC heap before
{Heap before GC invocations=6 (full 0):
 garbage-first heap   total 36864K, used 25309K [0x00000000a0000000, 0x0000000100000000)
  region size 1024K, 19 young (19456K), 2 survivors (2048K)
 Metaspace       used 29231K, capacity 30601K, committed 30720K, reserved 1077248K
  class space    used 3585K, capacity 3815K, committed 3840K, reserved 1048576K
}
Event: 4.458 GC heap after
{Heap after GC invocations=7 (full 0):
 garbage-first heap   total 36864K, used 9550K [0x00000000a0000000, 0x0000000100000000)
  region size 1024K, 3 young (3072K), 3 survivors (3072K)
 Metaspace       used 29231K, capacity 30601K, committed 30720K, reserved 1077248K
  class space    used 3585K, capacity 3815K, committed 3840K, reserved 1048576K
}
Event: 4.927 GC heap before
{Heap before GC invocations=7 (full 0):
 garbage-first heap   total 36864K, used 24910K [0x00000000a0000000, 0x0000000100000000)
  region size 1024K, 19 young (19456K), 3 survivors (3072K)
 Metaspace       used 33908K, capacity 34998K, committed 35200K, reserved 1079296K
  class space    used 4296K, capacity 4470K, committed 4480K, reserved 1048576K
}
Event: 4.935 GC heap after
{Heap after GC invocations=8 (full 0):
 garbage-first heap   total 36864K, used 11432K [0x00000000a0000000, 0x0000000100000000)
  region size 1024K, 3 young (3072K), 3 survivors (3072K)
 Metaspace       used 33908K, capacity 34998K, committed 35200K, reserved 1079296K
  class space    used 4296K, capacity 4470K, committed 4480K, reserved 1048576K
}
Event: 5.006 GC heap before
{Heap before GC invocations=8 (full 0):
 garbage-first heap   total 36864K, used 13480K [0x00000000a0000000, 0x0000000100000000)
  region size 1024K, 6 young (6144K), 3 survivors (3072K)
 Metaspace       used 34726K, capacity 35677K, committed 35840K, reserved 1081344K
  class space    used 4360K, capacity 4536K, committed 4608K, reserved 1048576K
}
Event: 5.013 GC heap after
{Heap after GC invocations=9 (full 0):
 garbage-first heap   total 36864K, used 12420K [0x00000000a0000000, 0x0000000100000000)
  region size 1024K, 2 young (2048K), 2 survivors (2048K)
 Metaspace       used 34726K, capacity 35677K, committed 35840K, reserved 1081344K
  class space    used 4360K, capacity 4536K, committed 4608K, reserved 1048576K
}

